2021/06/12 22:15:32.336 [I]  connection success
2021/06/12 22:16:10.176 [I]  connection success
2021/06/12 22:17:47.963 [I]  connection success
2021/06/12 22:21:34.548 [I]  connection success
2021/06/13 11:24:52.996 [I]  connection success
2021/06/13 11:27:02.205 [I]  connection success
2021/06/13 11:33:16.471 [I]  connection success
2021/06/13 11:34:21.819 [I]  connection success
2021/06/13 11:35:11.233 [I]  connection success
2021/06/13 11:35:50.524 [I]  connection success
2021/06/13 11:38:02.205 [I]  connection success
2021/06/13 11:39:09.906 [I]  connection success
2021/06/13 11:41:19.231 [I]  connection success
2021/06/13 11:43:24.400 [I]  connection success
2021/06/13 11:44:52.696 [I]  connection success
2021/06/13 11:46:29.728 [I]  connection success
2021/06/13 18:03:00.912 [I]  connection success
2021/06/13 18:04:02.854 [I]  connection success
2021/06/13 20:05:20.270 [I]  connection success
2021/06/13 20:06:12.361 [I]  connection success
2021/06/13 20:26:40.993 [I]  connection success
2021/06/13 20:35:08.509 [I]  connection success
2021/06/13 21:37:49.814 [I]  connection success
2021/06/13 21:48:40.823 [I]  connection success
2021/06/14 21:25:38.331 [I]  connection success
2021/06/15 12:55:13.683 [I]  connection success
2021/06/15 12:57:22.391 [I]  connection success
2021/06/15 12:58:38.148 [I]  connection success
2021/06/15 14:17:18.354 [I]  connection success
2021/06/15 14:19:01.776 [I]  connection success
2021/06/15 14:20:47.660 [I]  connection success
2021/06/15 14:21:57.909 [I]  connection success
2021/06/15 14:23:23.591 [I]  connection success
2021/06/15 14:24:19.331 [I]  connection success
2021/06/15 14:30:58.052 [I]  connection success
2021/06/15 15:52:35.360 [I]  connection success
2021/06/15 16:04:12.829 [I]  connection success
2021/06/15 16:15:55.827 [I]  connection success
2021/06/15 16:40:31.889 [I]  connection success
2021/06/15 16:51:28.272 [I]  connection success
2021/06/15 17:13:43.704 [I]  connection success
2021/06/21 00:33:40.434 [I]  connection success
2021/06/21 00:39:38.641 [I]  connection success
2021/06/21 09:27:00.211 [I]  connection success
2021/06/21 09:30:41.033 [I]  connection success
2021/06/21 09:31:43.048 [I]  connection success
2021/06/21 09:43:23.031 [I]  connection success
2021/06/21 09:59:37.755 [I]  connection success
2021/06/21 10:42:12.773 [I]  connection success
2021/06/21 11:26:18.613 [I]  connection success
2021/06/21 11:39:23.284 [I]  connection success
2021/06/21 12:17:23.829 [I]  connection success
2021/06/21 12:59:24.750 [I]  connection success
2021/06/21 13:07:51.737 [I]  connection success
2021/06/21 13:10:20.477 [I]  connection success
2021/06/21 13:35:31.734 [I]  connection success
2021/06/21 14:00:20.771 [I]  connection success
2021/06/21 14:51:41.388 [I]  connection success
2021/06/21 14:57:44.060 [I]  connection success
2021/06/21 14:57:58.541 [I]  connection success
2021/06/21 15:06:58.671 [I]  connection success
2021/06/21 15:16:33.111 [I]  connection success
2021/06/21 15:41:38.946 [I]  connection success
2021/06/21 15:45:01.243 [I]  connection success
2021/06/21 15:47:23.988 [I]  connection success
2021/06/21 15:49:16.489 [I]  connection success
2021/06/21 15:51:41.758 [I]  connection success
2021/06/21 16:18:40.823 [I]  connection success
2021/06/21 16:20:51.395 [I]  connection success
2021/06/21 16:44:33.494 [I]  connection success
2021/06/21 20:19:04.845 [I]  connection success
2021/06/22 13:22:47.507 [I]  connection success
2021/06/22 14:24:08.648 [I]  connection success
2021/06/22 15:23:49.022 [I]  connection success
2021/06/22 16:15:36.968 [I]  connection success
2021/06/22 21:28:07.279 [I]  connection success
2021/06/23 17:04:16.752 [I]  connection success
2021/06/24 21:00:47.038 [I]  connection success
2021/06/24 21:20:16.359 [I]  connection success
2021/06/25 22:23:58.050 [I]  connection success
2021/06/26 23:04:02.358 [I]  connection success
2021/06/29 21:42:51.235 [I]  connection success
2021/06/29 21:44:41.558 [I]  connection success
2021/06/29 21:46:05.278 [I]  connection success
2021/06/30 22:42:52.955 [I]  connection success
2021/07/01 21:34:53.020 [I]  connection success
2021/07/02 17:24:14.988 [I]  connection success
2021/07/02 21:38:21.147 [I]  connection success
2021/07/03 22:43:05.539 [I]  connection success
2021/07/04 18:32:32.911 [I]  connection success
2021/07/05 17:29:35.310 [I]  connection success
2021/07/05 21:07:12.900 [I]  connection success
2021/07/05 21:08:16.866 [I]  finish:  2021-07-05 21:08:16.866459 -0700 PDT m=+65.352585845  , elapsed:  1m5.351628919s
2021/07/05 21:08:17.966 [E]  send email error:  gomail: could not send email 1: gomail: invalid message, "From" field is absent
2021/07/05 22:33:16.191 [I]  connection success
2021/07/05 22:34:12.424 [I]  finish:  2021-07-05 22:34:12.42425 -0700 PDT m=+57.786779886  , elapsed:  57.785765618s
2021/07/05 22:34:13.757 [E]  send email error:  gomail: could not send email 1: 554 Message rejected: Email address is not verified. The following identities failed the check in region US-WEST-2: no-reply@closersonline.com
2021/07/05 22:44:04.256 [I]  connection success
2021/07/05 22:44:59.852 [I]  finish:  2021-07-05 22:44:59.85251 -0700 PDT m=+57.021602705  , elapsed:  57.018392413s
2021/07/05 22:45:00.730 [I]  success send email
2022/11/15 14:56:10.430 [I]  connection success
2022/11/15 14:58:13.334 [I]  connection success

2022/11/15 15:10:50.179 [I]  connection success
2022/11/15 15:13:16.596 [I]  connection success
2022/11/15 15:13:55.745 [I]  connection success
2022/11/15 15:14:58.774 [I]  connection success
2022/11/15 15:16:07.266 [I]  connection success
2023/03/02 11:33:19.730 [I]  connection success
2023/03/02 11:33:52.834 [I]  connection success
2023/03/02 11:34:01.092 [I]  connection success
